2026-02-21 15:18:51 - INFO - Initializing connection to Binance Futures Testnet...
2026-02-21 15:18:52 - INFO - Successfully connected to the Binance Futures Testnet.
2026-02-21 15:18:52 - INFO - Attempting to place MARKET BUY order for 0.001 BTCUSDT...
2026-02-21 15:18:53 - ERROR - Binance API Error while placing order: APIError(code=-4164): Order's notional must be no smaller than 100 (unless you choose reduce only).
2026-02-21 15:21:20 - INFO - Initializing connection to Binance Futures Testnet...
2026-02-21 15:21:20 - INFO - Successfully connected to the Binance Futures Testnet.
2026-02-21 15:21:20 - INFO - Attempting to place MARKET BUY order for 0.002 BTCUSDT...
2026-02-21 15:21:21 - INFO - Order placed successfully. Order ID: 12437755595
2026-02-21 15:22:00 - INFO - Initializing connection to Binance Futures Testnet...
2026-02-21 15:22:01 - INFO - Successfully connected to the Binance Futures Testnet.
2026-02-21 15:22:01 - INFO - Attempting to place LIMIT BUY order for 0.002 BTCUSDT...
2026-02-21 15:22:02 - ERROR - Binance API Error while placing order: APIError(code=-4016): Limit price can't be higher than 71569.82.
2026-02-21 15:23:08 - INFO - Initializing connection to Binance Futures Testnet...
2026-02-21 15:23:09 - INFO - Successfully connected to the Binance Futures Testnet.
2026-02-21 15:23:09 - INFO - Attempting to place LIMIT BUY order for 0.002 BTCUSDT...
2026-02-21 15:23:10 - INFO - Order placed successfully. Order ID: 12437785660
2026-02-21 15:29:19 - INFO - Initializing connection to Binance Futures Testnet...
2026-02-21 15:29:20 - INFO - Successfully connected to the Binance Futures Testnet.
2026-02-21 15:29:20 - INFO - Attempting to place LIMIT BUY order for 0.002 BTCUSDT...
2026-02-21 15:29:21 - INFO - Order placed successfully. Order ID: 12437887115
